0 - Sat Nov 23 17:07:39 2024
 - Data file opened.
1 - Sat Nov 23 17:07:40 2024
 - Data inserted.
2 - Sat Nov 23 17:07:40 2024
 - Data inserted.
Data inserted.
3 - Sat Nov 23 17:07:45 2024
 - Data inserted.
Data file closed.
END_LOG
0 - Sat Nov 23 17:08:12 2024
 - Data file opened.
1 - Sat Nov 23 17:08:13 2024
 - Data inserted.
2 - Sat Nov 23 17:08:13 2024
 - Data inserted.
Data inserted.
3 - Sat Nov 23 17:08:18 2024
 - Data inserted.
4 - Sat Nov 23 17:08:18 2024
 - Data file closed.
END_LOG
0 - Sun Nov 24 14:08:01 2024
 - Data file opened.
1 - Sun Nov 24 14:08:02 2024
 - Data inserted.
2 - Sun Nov 24 14:08:02 2024
 - Data inserted.
Data inserted.
3 - Sun Nov 24 14:08:07 2024
 - Data inserted.
Data file closed.
END_LOG
